<?xml version="1.0" encoding="UTF-8"?>
<!-- Generated by org.testng.reporters.JUnitReportReporter -->
<testsuite skipped="0" hostname="DESKTOP-MV6L4GQ" name="practice.ExcelDemo" tests="1" failures="0" timestamp="2022-08-02T23:40:14 IST" time="0.835" errors="0">
  <testcase name="demo" time="0.835" classname="practice.ExcelDemo"/>
  <system-out/>
</testsuite> <!-- practice.ExcelDemo -->
