<?xml version="1.0" encoding="UTF-8"?>
<!-- Generated by org.testng.reporters.JUnitReportReporter -->
<testsuite skipped="0" hostname="DESKTOP-MV6L4GQ" name="com.automation.core.FizzBuzzTest1" tests="1" failures="0" timestamp="2022-11-29T05:30:35 IST" time="0.021" errors="0">
  <testcase name="returnsNumberForNumberNotDivisibleByThreeAndFive" time="0.021" classname="com.automation.core.FizzBuzzTest1"/>
  <system-out/>
</testsuite> <!-- com.automation.core.FizzBuzzTest1 -->
